2025-06-19 17:37:55 [main] INFO  Log - Starting WebDriver...
2025-06-19 17:37:57 [main] INFO  Log - Opening the URL...
2025-06-19 17:38:13 [main] INFO  Log - Closing browser...
2025-06-19 17:40:02 [main] INFO  Log - Starting WebDriver...
2025-06-19 17:40:04 [main] INFO  Log - Opening the URL...
2025-06-19 17:40:07 [main] INFO  Log - Entered username
2025-06-19 17:40:11 [main] INFO  Log - Entered password
2025-06-19 17:40:15 [main] INFO  Log - Click on the Login button
2025-06-19 17:40:20 [main] INFO  Log - Closing browser...
2025-06-19 17:42:47 [main] INFO  Log - Starting WebDriver...
2025-06-19 17:42:49 [main] INFO  Log - Opening the URL...
2025-06-19 17:42:52 [main] INFO  Log - Starting login test
2025-06-19 17:42:52 [main] INFO  Log - Entered username
2025-06-19 17:42:56 [main] INFO  Log - Entered password
2025-06-19 17:43:00 [main] INFO  Log - Click on the Login button
2025-06-19 17:43:04 [main] INFO  Log - Closing browser...
2025-06-19 21:24:00 [main] INFO  Log - Starting WebDriver...
2025-06-19 21:24:03 [main] INFO  Log - Opening the URL...
2025-06-19 21:24:06 [main] INFO  Log - Starting login test
2025-06-19 21:24:18 [main] INFO  Log - Closing browser...
2025-06-19 23:45:51 [main] INFO  Log - Starting WebDriver...
2025-06-19 23:45:53 [main] INFO  Log - Opening the URL...
2025-06-19 23:45:55 [main] INFO  Log - Starting login test
2025-06-19 23:46:09 [main] INFO  Log - Closing browser...
2025-06-19 23:59:15 [main] INFO  Log - Starting WebDriver...
2025-06-19 23:59:17 [main] INFO  Log - Opening the URL...
2025-06-19 23:59:20 [main] INFO  Log - Starting login test
2025-06-19 23:59:33 [main] INFO  Log - Closing browser...
2025-06-20 00:11:58 [main] INFO  Log - Starting WebDriver...
2025-06-20 00:12:00 [main] INFO  Log - Opening the URL...
2025-06-20 00:12:02 [main] INFO  Log - Starting login test
2025-06-20 00:12:15 [main] INFO  Log - Closing browser...
2025-06-20 00:15:16 [main] INFO  Log - Starting WebDriver...
2025-06-20 00:15:17 [main] INFO  Log - Opening the URL...
2025-06-20 00:15:20 [main] INFO  Log - Starting login test
2025-06-20 00:15:33 [main] INFO  Log - Closing browser...
2025-07-03 17:53:24 [main] INFO  Log - Starting WebDriver...
2025-07-03 17:53:31 [main] INFO  Log - Opening the URL...
2025-07-03 17:53:34 [main] INFO  Log - Starting login test
2025-07-03 17:53:48 [main] INFO  Log - Closing browser...
2025-07-03 18:21:00 [main] INFO  Log - Starting WebDriver...
2025-07-03 18:21:01 [main] INFO  Log - Opening the URL...
2025-07-03 18:21:04 [main] INFO  Log - Starting login test
2025-07-03 18:21:20 [main] INFO  Log - Closing browser...
2025-07-03 18:24:07 [main] INFO  Log - Starting WebDriver...
2025-07-03 18:24:08 [main] INFO  Log - Opening the URL...
2025-07-03 18:24:11 [main] INFO  Log - Starting login test
2025-07-03 18:24:27 [main] INFO  Log - Closing browser...
